<?xml version="1.0" encoding="UTF-8"?>
<!-- Generated by org.testng.reporters.JUnitReportReporter -->
<testsuite hostname="MUKESH-PC" failures="0" tests="3" name="april1.TestNG" time="29.079" errors="0" timestamp="2023-05-18T22:42:58 IST" skipped="0">
  <testcase classname="april1.TestNG" name="division" time="7.631"/>
  <system-out>
    <![CDATA[Executing division test]]>
  </system-out>
  <testcase classname="april1.TestNG" name="multiplication" time="11.503"/>
  <system-out>
    <![CDATA[Executing multiplication test]]>
  </system-out>
  <testcase classname="april1.TestNG" name="addition" time="9.945"/>
  <system-out>
    <![CDATA[Executing addition test]]>
  </system-out>
</testsuite> <!-- april1.TestNG -->
