<?xml version="1.0" encoding="UTF-8"?>
<!-- Generated by org.testng.reporters.JUnitReportReporter -->
<testsuite hostname="MUKESH-PC" failures="0" tests="1" name="april3.FileProperty" time="33.118" errors="0" timestamp="2023-04-05T17:50:07 IST" skipped="0">
  <testcase classname="april3.FileProperty" name="login" time="33.118"/>
  <system-out/>
</testsuite> <!-- april3.FileProperty -->
