<?xml version="1.0" encoding="UTF-8"?>
<!-- Generated by org.testng.reporters.JUnitReportReporter -->
<testsuite hostname="MUKESH-PC" failures="0" tests="3" name="april1.TestNG1" time="2.479" errors="0" timestamp="2023-04-01T22:37:27 IST" skipped="0">
  <testcase classname="april1.TestNG1" name="division" time="0.644"/>
  <system-out>
    <![CDATA[Executing division test]]>
  </system-out>
  <testcase classname="april1.TestNG1" name="addition" time="0.901"/>
  <system-out>
    <![CDATA[Executing addition test]]>
  </system-out>
  <testcase classname="april1.TestNG1" name="multiplication" time="0.934"/>
  <system-out>
    <![CDATA[Executing multiplication test]]>
  </system-out>
</testsuite> <!-- april1.TestNG1 -->
