<?xml version="1.0" encoding="UTF-8"?>
<!-- Generated by org.testng.reporters.JUnitReportReporter -->
<testsuite hostname="MUKESH-PC" failures="0" tests="3" name="mar31.SecondTestNGclass" time="6.345" errors="0" timestamp="2023-04-01T22:12:36 IST" skipped="0">
  <testcase classname="mar31.SecondTestNGclass" name="bpassword" time="0.266"/>
  <system-out>
    <![CDATA[executing entering password ]]>
  </system-out>
  <testcase classname="mar31.SecondTestNGclass" name="ausername" time="0.740"/>
  <system-out>
    <![CDATA[executing entering username ]]>
  </system-out>
  <testcase classname="mar31.SecondTestNGclass" name="clogin" time="5.339"/>
  <system-out>
    <![CDATA[executing clicking login button ]]>
  </system-out>
</testsuite> <!-- mar31.SecondTestNGclass -->
