<?xml version="1.0" encoding="UTF-8"?>
<!-- Generated by org.testng.reporters.JUnitReportReporter -->
<testsuite hostname="MUKESH-PC" failures="0" tests="1" name="april2.FileProperty" time="17.017" errors="0" timestamp="2023-04-03T19:20:06 IST" skipped="0">
  <testcase classname="april2.FileProperty" name="login" time="17.017"/>
  <system-out/>
</testsuite> <!-- april2.FileProperty -->
