<?xml version="1.0" encoding="UTF-8"?>
<!-- Generated by org.testng.reporters.JUnitReportReporter -->
<testsuite hostname="MUKESH-PC" failures="0" tests="1" name="april7.Assert01" time="22.551" errors="0" timestamp="2023-04-07T16:04:39 IST" skipped="0">
  <testcase classname="april7.Assert01" name="validtitle" time="22.551"/>
  <system-out/>
</testsuite> <!-- april7.Assert01 -->
