<?xml version="1.0" encoding="UTF-8"?>
<!-- Generated by org.testng.reporters.JUnitReportReporter -->
<testsuite hostname="MUKESH-PC" failures="0" tests="4" name="april7.AdvanceReport" time="60.459" errors="0" timestamp="2023-04-11T22:17:04 IST" skipped="0">
  <testcase classname="april7.AdvanceReport" name="testPass2" time="9.217"/>
  <system-out/>
  <testcase classname="april7.AdvanceReport" name="testPass" time="8.027"/>
  <system-out/>
  <testcase classname="april7.AdvanceReport" name="testFail2" time="36.034"/>
  <system-out/>
  <testcase classname="april7.AdvanceReport" name="testFail" time="7.181"/>
  <system-out/>
</testsuite> <!-- april7.AdvanceReport -->
