<?xml version="1.0" encoding="UTF-8"?>
<!-- Generated by org.testng.reporters.JUnitReportReporter -->
<testsuite hostname="MUKESH-PC" failures="0" tests="3" name="mar31.FirstTestNGClass" time="3.398" errors="0" timestamp="2023-04-11T22:26:11 IST" skipped="0">
  <testcase classname="mar31.FirstTestNGClass" name="ibanking" time="0.588"/>
  <system-out>
    <![CDATA[Executing ibanking test]]>
  </system-out>
  <testcase classname="mar31.FirstTestNGClass" name="cbanking" time="0.768"/>
  <system-out>
    <![CDATA[Executing cbanking test]]>
  </system-out>
  <testcase classname="mar31.FirstTestNGClass" name="pbanking" time="2.042"/>
  <system-out>
    <![CDATA[Executing pbanking test]]>
  </system-out>
</testsuite> <!-- mar31.FirstTestNGClass -->
