<?xml version="1.0" encoding="UTF-8"?>
<!-- Generated by org.testng.reporters.JUnitReportReporter -->
<testsuite hostname="MUKESH-PC" failures="0" tests="3" name="april1.TestNG" time="125.892" errors="0" timestamp="2023-04-11T22:26:11 IST" skipped="0">
  <testcase classname="april1.TestNG" name="division" time="33.252"/>
  <system-out>
    <![CDATA[Executing division test]]>
  </system-out>
  <testcase classname="april1.TestNG" name="multiplication" time="42.417"/>
  <system-out>
    <![CDATA[Executing multiplication test]]>
  </system-out>
  <testcase classname="april1.TestNG" name="addition" time="50.223"/>
  <system-out>
    <![CDATA[Executing addition test]]>
  </system-out>
</testsuite> <!-- april1.TestNG -->
