<?xml version="1.0" encoding="UTF-8"?>
<!-- Generated by org.testng.reporters.JUnitReportReporter -->
<testsuite hostname="MUKESH-PC" failures="0" tests="7" name="april1.TestNG4" time="161.881" errors="0" timestamp="2023-05-20T15:46:45 IST" skipped="0">
  <testcase classname="april1.TestNG4" name="multiplication" time="20.973"/>
  <system-out>
    <![CDATA[Executing multiplication test]]>
  </system-out>
  <testcase classname="april1.TestNG4" name="addition" time="16.775"/>
  <system-out>
    <![CDATA[Executing addition test]]>
  </system-out>
  <testcase classname="april1.TestNG4" name="addition" time="25.262"/>
  <system-out>
    <![CDATA[Executing addition test]]>
  </system-out>
  <testcase classname="april1.TestNG4" name="addition" time="14.899"/>
  <system-out>
    <![CDATA[Executing addition test]]>
  </system-out>
  <testcase classname="april1.TestNG4" name="addition" time="14.342"/>
  <system-out>
    <![CDATA[Executing addition test]]>
  </system-out>
  <testcase classname="april1.TestNG4" name="addition" time="62.867"/>
  <system-out>
    <![CDATA[Executing addition test]]>
  </system-out>
  <testcase classname="april1.TestNG4" name="division" time="6.763"/>
  <system-out>
    <![CDATA[Executing division test]]>
  </system-out>
</testsuite> <!-- april1.TestNG4 -->
