<?xml version="1.0" encoding="UTF-8"?>
<!-- Generated by org.testng.reporters.JUnitReportReporter -->
<testsuite hostname="MUKESH-PC" failures="0" tests="3" name="mar31.ThirdTestNGclass2" time="2.888" errors="0" timestamp="2023-04-01T22:16:12 IST" skipped="0">
  <testcase classname="mar31.ThirdTestNGclass2" name="username" time="0.480"/>
  <system-out>
    <![CDATA[executing entering username ]]>
  </system-out>
  <testcase classname="mar31.ThirdTestNGclass2" name="password" time="0.313"/>
  <system-out>
    <![CDATA[executing entering password ]]>
  </system-out>
  <testcase classname="mar31.ThirdTestNGclass2" name="login" time="2.095"/>
  <system-out>
    <![CDATA[executing clicking login button ]]>
  </system-out>
</testsuite> <!-- mar31.ThirdTestNGclass2 -->
