<?xml version="1.0" encoding="UTF-8"?>
<!-- Generated by org.testng.reporters.JUnitReportReporter -->
<testsuite hostname="MUKESH-PC" failures="0" tests="3" name="april1.TestNG2" time="4.086" errors="0" timestamp="2023-05-18T22:42:58 IST" skipped="1">
  <testcase classname="april1.TestNG2" name="branches" time="2.222"/>
  <system-out>
    <![CDATA[Executing branches test]]>
  </system-out>
  <testcase classname="april1.TestNG2" name="roles" time="1.864"/>
  <system-out>
    <![CDATA[Executing roles test]]>
  </system-out>
  <testcase classname="april1.TestNG2" name="users">
    <skipped/>
  </testcase> <!-- users -->
  <system-out/>
</testsuite> <!-- april1.TestNG2 -->
