<?xml version="1.0" encoding="UTF-8"?>
<!-- Generated by org.testng.reporters.JUnitReportReporter -->
<testsuite hostname="MUKESH-PC" failures="0" tests="7" name="april1.TestNG4" time="124.760" errors="0" timestamp="2023-04-03T14:44:01 IST" skipped="0">
  <testcase classname="april1.TestNG4" name="addition" time="20.864"/>
  <system-out>
    <![CDATA[Executing addition test]]>
  </system-out>
  <testcase classname="april1.TestNG4" name="addition" time="32.044"/>
  <system-out>
    <![CDATA[Executing addition test]]>
  </system-out>
  <testcase classname="april1.TestNG4" name="addition" time="21.494"/>
  <system-out>
    <![CDATA[Executing addition test]]>
  </system-out>
  <testcase classname="april1.TestNG4" name="addition" time="20.189"/>
  <system-out>
    <![CDATA[Executing addition test]]>
  </system-out>
  <testcase classname="april1.TestNG4" name="multiplication" time="6.656"/>
  <system-out>
    <![CDATA[Executing multiplication test]]>
  </system-out>
  <testcase classname="april1.TestNG4" name="addition" time="16.653"/>
  <system-out>
    <![CDATA[Executing addition test]]>
  </system-out>
  <testcase classname="april1.TestNG4" name="division" time="6.860"/>
  <system-out>
    <![CDATA[Executing division test]]>
  </system-out>
</testsuite> <!-- april1.TestNG4 -->
