<?xml version="1.0" encoding="UTF-8"?>
<!-- Generated by org.testng.reporters.JUnitReportReporter -->
<testsuite hostname="MUKESH-PC" failures="0" tests="3" name="april1.TestNG5" time="51.192" errors="0" timestamp="2023-04-03T15:38:38 IST" skipped="1">
  <testcase classname="april1.TestNG5" name="multiplication" time="22.577"/>
  <system-out>
    <![CDATA[Executing multiplication test]]>
  </system-out>
  <testcase classname="april1.TestNG5" name="addition" time="28.615"/>
  <system-out>
    <![CDATA[Executing addition test]]>
  </system-out>
  <testcase classname="april1.TestNG5" name="division">
    <skipped/>
  </testcase> <!-- division -->
  <system-out/>
</testsuite> <!-- april1.TestNG5 -->
