<?xml version="1.0" encoding="UTF-8"?>
<!-- Generated by org.testng.reporters.JUnitReportReporter -->
<testsuite hostname="MUKESH-PC" failures="0" tests="1" name="april6.LoginFromExcelData" time="63.955" errors="0" timestamp="2023-04-07T15:16:46 IST" skipped="0">
  <testcase classname="april6.LoginFromExcelData" name="login" time="63.955"/>
  <system-out>
    <![CDATA[No. of rows are:: 9
Login sucess
Invalid credentials  dashboard  http://orangehrm.qedgetech.com/symfony/web/index.php/auth/validateCredentials
Invalid credentials  dashboard  http://orangehrm.qedgetech.com/symfony/web/index.php/auth/validateCredentials
Login sucess
Username cannot be empty  dashboard  http://orangehrm.qedgetech.com/symfony/web/index.php/auth/login
Password cannot be empty  dashboard  http://orangehrm.qedgetech.com/symfony/web/index.php/auth/login
Invalid credentials  dashboard  http://orangehrm.qedgetech.com/symfony/web/index.php/auth/validateCredentials
Username cannot be empty  dashboard  http://orangehrm.qedgetech.com/symfony/web/index.php/auth/login
Login sucess]]>
  </system-out>
</testsuite> <!-- april6.LoginFromExcelData -->
