<?xml version="1.0" encoding="UTF-8"?>
<!-- Generated by org.testng.reporters.JUnitReportReporter -->
<testsuite hostname="MUKESH-PC" failures="0" tests="3" name="mar31.FirstTestNGClass" time="2.639" errors="0" timestamp="2023-05-18T22:42:58 IST" skipped="0">
  <testcase classname="mar31.FirstTestNGClass" name="ibanking" time="0.840"/>
  <system-out>
    <![CDATA[Executing ibanking test]]>
  </system-out>
  <testcase classname="mar31.FirstTestNGClass" name="cbanking" time="0.573"/>
  <system-out>
    <![CDATA[Executing cbanking test]]>
  </system-out>
  <testcase classname="mar31.FirstTestNGClass" name="pbanking" time="1.226"/>
  <system-out>
    <![CDATA[Executing pbanking test]]>
  </system-out>
</testsuite> <!-- mar31.FirstTestNGClass -->
